<?xml version="1.0" encoding="UTF-8"?>
<testsuite xmlns:xsi="http://www.w3.org/2001/XMLSchema-instance" xsi:noNamespaceSchemaLocation="https://maven.apache.org/surefire/maven-surefire-plugin/xsd/surefire-test-report.xsd" name="tn.esprit.spring.TimesheetApplicationTests" time="13.443" tests="1" errors="0" skipped="0" failures="0">
  <properties>
    <property name="sun.desktop" value="windows"/>
    <property name="awt.toolkit" value="sun.awt.windows.WToolkit"/>
    <property name="file.encoding.pkg" value="sun.io"/>
    <property name="java.specification.version" value="1.8"/>
    <property name="sun.cpu.isalist" value="amd64"/>
    <property name="sun.jnu.encoding" value="Cp1252"/>
    <property name="java.class.path" value="C:\Users\Amira Besbes\Documents\ESPRIT\devops\new\TimeSheet\target\test-classes;C:\Users\Amira Besbes\Documents\ESPRIT\devops\new\TimeSheet\target\classes;C:\RepoEsprit\DevopsTimeshet\org\springframework\boot\spring-boot-devtools\2.2.1.RELEASE\spring-boot-devtools-2.2.1.RELEASE.jar;C:\RepoEsprit\DevopsTimeshet\org\springframework\boot\spring-boot\2.2.1.RELEASE\spring-boot-2.2.1.RELEASE.jar;C:\RepoEsprit\DevopsTimeshet\org\springframework\spring-context\5.2.1.RELEASE\spring-context-5.2.1.RELEASE.jar;C:\RepoEsprit\DevopsTimeshet\org\springframework\boot\spring-boot-autoconfigure\2.2.1.RELEASE\spring-boot-autoconfigure-2.2.1.RELEASE.jar;C:\RepoEsprit\DevopsTimeshet\org\springframework\boot\spring-boot-starter-data-jpa\2.2.1.RELEASE\spring-boot-starter-data-jpa-2.2.1.RELEASE.jar;C:\RepoEsprit\DevopsTimeshet\org\springframework\boot\spring-boot-starter-aop\2.2.1.RELEASE\spring-boot-starter-aop-2.2.1.RELEASE.jar;C:\RepoEsprit\DevopsTimeshet\org\springframework\spring-aop\5.2.1.RELEASE\spring-aop-5.2.1.RELEASE.jar;C:\RepoEsprit\DevopsTimeshet\org\aspectj\aspectjweaver\1.9.4\aspectjweaver-1.9.4.jar;C:\RepoEsprit\DevopsTimeshet\org\springframework\boot\spring-boot-starter-jdbc\2.2.1.RELEASE\spring-boot-starter-jdbc-2.2.1.RELEASE.jar;C:\RepoEsprit\DevopsTimeshet\com\zaxxer\HikariCP\3.4.1\HikariCP-3.4.1.jar;C:\RepoEsprit\DevopsTimeshet\org\springframework\spring-jdbc\5.2.1.RELEASE\spring-jdbc-5.2.1.RELEASE.jar;C:\RepoEsprit\DevopsTimeshet\jakarta\activation\jakarta.activation-api\1.2.1\jakarta.activation-api-1.2.1.jar;C:\RepoEsprit\DevopsTimeshet\jakarta\persistence\jakarta.persistence-api\2.2.3\jakarta.persistence-api-2.2.3.jar;C:\RepoEsprit\DevopsTimeshet\jakarta\transaction\jakarta.transaction-api\1.3.3\jakarta.transaction-api-1.3.3.jar;C:\RepoEsprit\DevopsTimeshet\org\hibernate\hibernate-core\5.4.8.Final\hibernate-core-5.4.8.Final.jar;C:\RepoEsprit\DevopsTimeshet\org\jboss\logging\jboss-logging\3.4.1.Final\jboss-logging-3.4.1.Final.jar;C:\RepoEsprit\DevopsTimeshet\org\javassist\javassist\3.24.0-GA\javassist-3.24.0-GA.jar;C:\RepoEsprit\DevopsTimeshet\net\bytebuddy\byte-buddy\1.10.2\byte-buddy-1.10.2.jar;C:\RepoEsprit\DevopsTimeshet\antlr\antlr\2.7.7\antlr-2.7.7.jar;C:\RepoEsprit\DevopsTimeshet\org\jboss\jandex\2.0.5.Final\jandex-2.0.5.Final.jar;C:\RepoEsprit\DevopsTimeshet\com\fasterxml\classmate\1.5.1\classmate-1.5.1.jar;C:\RepoEsprit\DevopsTimeshet\org\dom4j\dom4j\2.1.1\dom4j-2.1.1.jar;C:\RepoEsprit\DevopsTimeshet\org\hibernate\common\hibernate-commons-annotations\5.1.0.Final\hibernate-commons-annotations-5.1.0.Final.jar;C:\RepoEsprit\DevopsTimeshet\org\glassfish\jaxb\jaxb-runtime\2.3.2\jaxb-runtime-2.3.2.jar;C:\RepoEsprit\DevopsTimeshet\org\glassfish\jaxb\txw2\2.3.2\txw2-2.3.2.jar;C:\RepoEsprit\DevopsTimeshet\com\sun\istack\istack-commons-runtime\3.0.8\istack-commons-runtime-3.0.8.jar;C:\RepoEsprit\DevopsTimeshet\org\jvnet\staxex\stax-ex\1.8.1\stax-ex-1.8.1.jar;C:\RepoEsprit\DevopsTimeshet\com\sun\xml\fastinfoset\FastInfoset\1.2.16\FastInfoset-1.2.16.jar;C:\RepoEsprit\DevopsTimeshet\org\springframework\data\spring-data-jpa\2.2.1.RELEASE\spring-data-jpa-2.2.1.RELEASE.jar;C:\RepoEsprit\DevopsTimeshet\org\springframework\data\spring-data-commons\2.2.1.RELEASE\spring-data-commons-2.2.1.RELEASE.jar;C:\RepoEsprit\DevopsTimeshet\org\springframework\spring-orm\5.2.1.RELEASE\spring-orm-5.2.1.RELEASE.jar;C:\RepoEsprit\DevopsTimeshet\org\springframework\spring-tx\5.2.1.RELEASE\spring-tx-5.2.1.RELEASE.jar;C:\RepoEsprit\DevopsTimeshet\org\springframework\spring-beans\5.2.1.RELEASE\spring-beans-5.2.1.RELEASE.jar;C:\RepoEsprit\DevopsTimeshet\org\slf4j\slf4j-api\1.7.29\slf4j-api-1.7.29.jar;C:\RepoEsprit\DevopsTimeshet\org\springframework\spring-aspects\5.2.1.RELEASE\spring-aspects-5.2.1.RELEASE.jar;C:\RepoEsprit\DevopsTimeshet\org\springframework\boot\spring-boot-starter-web\2.2.1.RELEASE\spring-boot-starter-web-2.2.1.RELEASE.jar;C:\RepoEsprit\DevopsTimeshet\org\springframework\boot\spring-boot-starter\2.2.1.RELEASE\spring-boot-starter-2.2.1.RELEASE.jar;C:\RepoEsprit\DevopsTimeshet\org\springframework\boot\spring-boot-starter-logging\2.2.1.RELEASE\spring-boot-starter-logging-2.2.1.RELEASE.jar;C:\RepoEsprit\DevopsTimeshet\ch\qos\logback\logback-classic\1.2.3\logback-classic-1.2.3.jar;C:\RepoEsprit\DevopsTimeshet\ch\qos\logback\logback-core\1.2.3\logback-core-1.2.3.jar;C:\RepoEsprit\DevopsTimeshet\org\apache\logging\log4j\log4j-to-slf4j\2.12.1\log4j-to-slf4j-2.12.1.jar;C:\RepoEsprit\DevopsTimeshet\org\apache\logging\log4j\log4j-api\2.12.1\log4j-api-2.12.1.jar;C:\RepoEsprit\DevopsTimeshet\org\slf4j\jul-to-slf4j\1.7.29\jul-to-slf4j-1.7.29.jar;C:\RepoEsprit\DevopsTimeshet\jakarta\annotation\jakarta.annotation-api\1.3.5\jakarta.annotation-api-1.3.5.jar;C:\RepoEsprit\DevopsTimeshet\org\yaml\snakeyaml\1.25\snakeyaml-1.25.jar;C:\RepoEsprit\DevopsTimeshet\org\springframework\boot\spring-boot-starter-json\2.2.1.RELEASE\spring-boot-starter-json-2.2.1.RELEASE.jar;C:\RepoEsprit\DevopsTimeshet\com\fasterxml\jackson\core\jackson-databind\2.10.0\jackson-databind-2.10.0.jar;C:\RepoEsprit\DevopsTimeshet\com\fasterxml\jackson\core\jackson-annotations\2.10.0\jackson-annotations-2.10.0.jar;C:\RepoEsprit\DevopsTimeshet\com\fasterxml\jackson\core\jackson-core\2.10.0\jackson-core-2.10.0.jar;C:\RepoEsprit\DevopsTimeshet\com\fasterxml\jackson\datatype\jackson-datatype-jdk8\2.10.0\jackson-datatype-jdk8-2.10.0.jar;C:\RepoEsprit\DevopsTimeshet\com\fasterxml\jackson\datatype\jackson-datatype-jsr310\2.10.0\jackson-datatype-jsr310-2.10.0.jar;C:\RepoEsprit\DevopsTimeshet\com\fasterxml\jackson\module\jackson-module-parameter-names\2.10.0\jackson-module-parameter-names-2.10.0.jar;C:\RepoEsprit\DevopsTimeshet\org\springframework\boot\spring-boot-starter-tomcat\2.2.1.RELEASE\spring-boot-starter-tomcat-2.2.1.RELEASE.jar;C:\RepoEsprit\DevopsTimeshet\org\apache\tomcat\embed\tomcat-embed-websocket\9.0.27\tomcat-embed-websocket-9.0.27.jar;C:\RepoEsprit\DevopsTimeshet\org\springframework\spring-web\5.2.1.RELEASE\spring-web-5.2.1.RELEASE.jar;C:\RepoEsprit\DevopsTimeshet\org\springframework\spring-webmvc\5.2.1.RELEASE\spring-webmvc-5.2.1.RELEASE.jar;C:\RepoEsprit\DevopsTimeshet\org\springframework\spring-expression\5.2.1.RELEASE\spring-expression-5.2.1.RELEASE.jar;C:\RepoEsprit\DevopsTimeshet\org\springframework\boot\spring-boot-starter-validation\2.2.1.RELEASE\spring-boot-starter-validation-2.2.1.RELEASE.jar;C:\RepoEsprit\DevopsTimeshet\jakarta\validation\jakarta.validation-api\2.0.1\jakarta.validation-api-2.0.1.jar;C:\RepoEsprit\DevopsTimeshet\org\apache\tomcat\embed\tomcat-embed-el\9.0.27\tomcat-embed-el-9.0.27.jar;C:\RepoEsprit\DevopsTimeshet\org\hibernate\validator\hibernate-validator\6.0.18.Final\hibernate-validator-6.0.18.Final.jar;C:\RepoEsprit\DevopsTimeshet\mysql\mysql-connector-java\8.0.18\mysql-connector-java-8.0.18.jar;C:\RepoEsprit\DevopsTimeshet\org\springframework\boot\spring-boot-starter-test\2.2.1.RELEASE\spring-boot-starter-test-2.2.1.RELEASE.jar;C:\RepoEsprit\DevopsTimeshet\org\springframework\boot\spring-boot-test\2.2.1.RELEASE\spring-boot-test-2.2.1.RELEASE.jar;C:\RepoEsprit\DevopsTimeshet\org\springframework\boot\spring-boot-test-autoconfigure\2.2.1.RELEASE\spring-boot-test-autoconfigure-2.2.1.RELEASE.jar;C:\RepoEsprit\DevopsTimeshet\com\jayway\jsonpath\json-path\2.4.0\json-path-2.4.0.jar;C:\RepoEsprit\DevopsTimeshet\net\minidev\json-smart\2.3\json-smart-2.3.jar;C:\RepoEsprit\DevopsTimeshet\net\minidev\accessors-smart\1.2\accessors-smart-1.2.jar;C:\RepoEsprit\DevopsTimeshet\org\ow2\asm\asm\5.0.4\asm-5.0.4.jar;C:\RepoEsprit\DevopsTimeshet\jakarta\xml\bind\jakarta.xml.bind-api\2.3.2\jakarta.xml.bind-api-2.3.2.jar;C:\RepoEsprit\DevopsTimeshet\org\junit\jupiter\junit-jupiter\5.5.2\junit-jupiter-5.5.2.jar;C:\RepoEsprit\DevopsTimeshet\org\junit\jupiter\junit-jupiter-api\5.5.2\junit-jupiter-api-5.5.2.jar;C:\RepoEsprit\DevopsTimeshet\org\opentest4j\opentest4j\1.2.0\opentest4j-1.2.0.jar;C:\RepoEsprit\DevopsTimeshet\org\junit\platform\junit-platform-commons\1.5.2\junit-platform-commons-1.5.2.jar;C:\RepoEsprit\DevopsTimeshet\org\junit\jupiter\junit-jupiter-params\5.5.2\junit-jupiter-params-5.5.2.jar;C:\RepoEsprit\DevopsTimeshet\org\junit\jupiter\junit-jupiter-engine\5.5.2\junit-jupiter-engine-5.5.2.jar;C:\RepoEsprit\DevopsTimeshet\org\junit\vintage\junit-vintage-engine\5.5.2\junit-vintage-engine-5.5.2.jar;C:\RepoEsprit\DevopsTimeshet\org\apiguardian\apiguardian-api\1.1.0\apiguardian-api-1.1.0.jar;C:\RepoEsprit\DevopsTimeshet\org\junit\platform\junit-platform-engine\1.5.2\junit-platform-engine-1.5.2.jar;C:\RepoEsprit\DevopsTimeshet\junit\junit\4.12\junit-4.12.jar;C:\RepoEsprit\DevopsTimeshet\org\mockito\mockito-junit-jupiter\3.1.0\mockito-junit-jupiter-3.1.0.jar;C:\RepoEsprit\DevopsTimeshet\org\assertj\assertj-core\3.13.2\assertj-core-3.13.2.jar;C:\RepoEsprit\DevopsTimeshet\org\hamcrest\hamcrest\2.1\hamcrest-2.1.jar;C:\RepoEsprit\DevopsTimeshet\org\mockito\mockito-core\3.1.0\mockito-core-3.1.0.jar;C:\RepoEsprit\DevopsTimeshet\net\bytebuddy\byte-buddy-agent\1.10.2\byte-buddy-agent-1.10.2.jar;C:\RepoEsprit\DevopsTimeshet\org\objenesis\objenesis\2.6\objenesis-2.6.jar;C:\RepoEsprit\DevopsTimeshet\org\skyscreamer\jsonassert\1.5.0\jsonassert-1.5.0.jar;C:\RepoEsprit\DevopsTimeshet\com\vaadin\external\google\android-json\0.0.20131108.vaadin1\android-json-0.0.20131108.vaadin1.jar;C:\RepoEsprit\DevopsTimeshet\org\springframework\spring-core\5.2.1.RELEASE\spring-core-5.2.1.RELEASE.jar;C:\RepoEsprit\DevopsTimeshet\org\springframework\spring-jcl\5.2.1.RELEASE\spring-jcl-5.2.1.RELEASE.jar;C:\RepoEsprit\DevopsTimeshet\org\springframework\spring-test\5.2.1.RELEASE\spring-test-5.2.1.RELEASE.jar;C:\RepoEsprit\DevopsTimeshet\org\xmlunit\xmlunit-core\2.6.3\xmlunit-core-2.6.3.jar;C:\RepoEsprit\DevopsTimeshet\org\apache\myfaces\core\myfaces-impl\2.2.12\myfaces-impl-2.2.12.jar;C:\RepoEsprit\DevopsTimeshet\commons-collections\commons-collections\3.2.2\commons-collections-3.2.2.jar;C:\RepoEsprit\DevopsTimeshet\commons-beanutils\commons-beanutils\1.9.2\commons-beanutils-1.9.2.jar;C:\RepoEsprit\DevopsTimeshet\commons-logging\commons-logging\1.1.1\commons-logging-1.1.1.jar;C:\RepoEsprit\DevopsTimeshet\commons-digester\commons-digester\1.8\commons-digester-1.8.jar;C:\RepoEsprit\DevopsTimeshet\org\apache\myfaces\core\myfaces-api\2.2.12\myfaces-api-2.2.12.jar;C:\RepoEsprit\DevopsTimeshet\org\apache\geronimo\specs\geronimo-atinject_1.0_spec\1.0\geronimo-atinject_1.0_spec-1.0.jar;C:\RepoEsprit\DevopsTimeshet\org\apache\tomcat\embed\tomcat-embed-jasper\9.0.27\tomcat-embed-jasper-9.0.27.jar;C:\RepoEsprit\DevopsTimeshet\org\apache\tomcat\embed\tomcat-embed-core\9.0.27\tomcat-embed-core-9.0.27.jar;C:\RepoEsprit\DevopsTimeshet\org\apache\tomcat\tomcat-annotations-api\9.0.27\tomcat-annotations-api-9.0.27.jar;C:\RepoEsprit\DevopsTimeshet\org\eclipse\jdt\ecj\3.18.0\ecj-3.18.0.jar;C:\RepoEsprit\DevopsTimeshet\org\ocpsoft\rewrite\rewrite-servlet\3.4.1.Final\rewrite-servlet-3.4.1.Final.jar;C:\RepoEsprit\DevopsTimeshet\org\ocpsoft\rewrite\rewrite-integration-faces\3.4.1.Final\rewrite-integration-faces-3.4.1.Final.jar;C:\RepoEsprit\DevopsTimeshet\org\ocpsoft\rewrite\rewrite-config-prettyfaces\3.4.1.Final\rewrite-config-prettyfaces-3.4.1.Final.jar;C:\RepoEsprit\DevopsTimeshet\org\primefaces\primefaces\6.1\primefaces-6.1.jar;C:\RepoEsprit\DevopsTimeshet\org\projectlombok\lombok\1.16.16\lombok-1.16.16.jar;"/>
    <property name="java.vm.vendor" value="Oracle Corporation"/>
    <property name="sun.arch.data.model" value="64"/>
    <property name="user.variant" value=""/>
    <property name="java.vendor.url" value="http://java.oracle.com/"/>
    <property name="user.timezone" value="Africa/Luanda"/>
    <property name="user.country.format" value="TN"/>
    <property name="java.vm.specification.version" value="1.8"/>
    <property name="os.name" value="Windows 10"/>
    <property name="user.country" value="FR"/>
    <property name="sun.java.launcher" value="SUN_STANDARD"/>
    <property name="sun.boot.library.path" value="C:\Program Files\java\jdk1.8.0_60\jre\bin"/>
    <property name="sun.java.command" value="C:\Users\AMIRAB~1\AppData\Local\Temp\surefire8033870389385139142\surefirebooter436918034722320641.jar C:\Users\Amira Besbes\AppData\Local\Temp\surefire8033870389385139142 2022-02-19T11-21-39_238-jvmRun1 surefire8830380416292115325tmp surefire_01216027722505395581tmp"/>
    <property name="surefire.test.class.path" value="C:\Users\Amira Besbes\Documents\ESPRIT\devops\new\TimeSheet\target\test-classes;C:\Users\Amira Besbes\Documents\ESPRIT\devops\new\TimeSheet\target\classes;C:\RepoEsprit\DevopsTimeshet\org\springframework\boot\spring-boot-devtools\2.2.1.RELEASE\spring-boot-devtools-2.2.1.RELEASE.jar;C:\RepoEsprit\DevopsTimeshet\org\springframework\boot\spring-boot\2.2.1.RELEASE\spring-boot-2.2.1.RELEASE.jar;C:\RepoEsprit\DevopsTimeshet\org\springframework\spring-context\5.2.1.RELEASE\spring-context-5.2.1.RELEASE.jar;C:\RepoEsprit\DevopsTimeshet\org\springframework\boot\spring-boot-autoconfigure\2.2.1.RELEASE\spring-boot-autoconfigure-2.2.1.RELEASE.jar;C:\RepoEsprit\DevopsTimeshet\org\springframework\boot\spring-boot-starter-data-jpa\2.2.1.RELEASE\spring-boot-starter-data-jpa-2.2.1.RELEASE.jar;C:\RepoEsprit\DevopsTimeshet\org\springframework\boot\spring-boot-starter-aop\2.2.1.RELEASE\spring-boot-starter-aop-2.2.1.RELEASE.jar;C:\RepoEsprit\DevopsTimeshet\org\springframework\spring-aop\5.2.1.RELEASE\spring-aop-5.2.1.RELEASE.jar;C:\RepoEsprit\DevopsTimeshet\org\aspectj\aspectjweaver\1.9.4\aspectjweaver-1.9.4.jar;C:\RepoEsprit\DevopsTimeshet\org\springframework\boot\spring-boot-starter-jdbc\2.2.1.RELEASE\spring-boot-starter-jdbc-2.2.1.RELEASE.jar;C:\RepoEsprit\DevopsTimeshet\com\zaxxer\HikariCP\3.4.1\HikariCP-3.4.1.jar;C:\RepoEsprit\DevopsTimeshet\org\springframework\spring-jdbc\5.2.1.RELEASE\spring-jdbc-5.2.1.RELEASE.jar;C:\RepoEsprit\DevopsTimeshet\jakarta\activation\jakarta.activation-api\1.2.1\jakarta.activation-api-1.2.1.jar;C:\RepoEsprit\DevopsTimeshet\jakarta\persistence\jakarta.persistence-api\2.2.3\jakarta.persistence-api-2.2.3.jar;C:\RepoEsprit\DevopsTimeshet\jakarta\transaction\jakarta.transaction-api\1.3.3\jakarta.transaction-api-1.3.3.jar;C:\RepoEsprit\DevopsTimeshet\org\hibernate\hibernate-core\5.4.8.Final\hibernate-core-5.4.8.Final.jar;C:\RepoEsprit\DevopsTimeshet\org\jboss\logging\jboss-logging\3.4.1.Final\jboss-logging-3.4.1.Final.jar;C:\RepoEsprit\DevopsTimeshet\org\javassist\javassist\3.24.0-GA\javassist-3.24.0-GA.jar;C:\RepoEsprit\DevopsTimeshet\net\bytebuddy\byte-buddy\1.10.2\byte-buddy-1.10.2.jar;C:\RepoEsprit\DevopsTimeshet\antlr\antlr\2.7.7\antlr-2.7.7.jar;C:\RepoEsprit\DevopsTimeshet\org\jboss\jandex\2.0.5.Final\jandex-2.0.5.Final.jar;C:\RepoEsprit\DevopsTimeshet\com\fasterxml\classmate\1.5.1\classmate-1.5.1.jar;C:\RepoEsprit\DevopsTimeshet\org\dom4j\dom4j\2.1.1\dom4j-2.1.1.jar;C:\RepoEsprit\DevopsTimeshet\org\hibernate\common\hibernate-commons-annotations\5.1.0.Final\hibernate-commons-annotations-5.1.0.Final.jar;C:\RepoEsprit\DevopsTimeshet\org\glassfish\jaxb\jaxb-runtime\2.3.2\jaxb-runtime-2.3.2.jar;C:\RepoEsprit\DevopsTimeshet\org\glassfish\jaxb\txw2\2.3.2\txw2-2.3.2.jar;C:\RepoEsprit\DevopsTimeshet\com\sun\istack\istack-commons-runtime\3.0.8\istack-commons-runtime-3.0.8.jar;C:\RepoEsprit\DevopsTimeshet\org\jvnet\staxex\stax-ex\1.8.1\stax-ex-1.8.1.jar;C:\RepoEsprit\DevopsTimeshet\com\sun\xml\fastinfoset\FastInfoset\1.2.16\FastInfoset-1.2.16.jar;C:\RepoEsprit\DevopsTimeshet\org\springframework\data\spring-data-jpa\2.2.1.RELEASE\spring-data-jpa-2.2.1.RELEASE.jar;C:\RepoEsprit\DevopsTimeshet\org\springframework\data\spring-data-commons\2.2.1.RELEASE\spring-data-commons-2.2.1.RELEASE.jar;C:\RepoEsprit\DevopsTimeshet\org\springframework\spring-orm\5.2.1.RELEASE\spring-orm-5.2.1.RELEASE.jar;C:\RepoEsprit\DevopsTimeshet\org\springframework\spring-tx\5.2.1.RELEASE\spring-tx-5.2.1.RELEASE.jar;C:\RepoEsprit\DevopsTimeshet\org\springframework\spring-beans\5.2.1.RELEASE\spring-beans-5.2.1.RELEASE.jar;C:\RepoEsprit\DevopsTimeshet\org\slf4j\slf4j-api\1.7.29\slf4j-api-1.7.29.jar;C:\RepoEsprit\DevopsTimeshet\org\springframework\spring-aspects\5.2.1.RELEASE\spring-aspects-5.2.1.RELEASE.jar;C:\RepoEsprit\DevopsTimeshet\org\springframework\boot\spring-boot-starter-web\2.2.1.RELEASE\spring-boot-starter-web-2.2.1.RELEASE.jar;C:\RepoEsprit\DevopsTimeshet\org\springframework\boot\spring-boot-starter\2.2.1.RELEASE\spring-boot-starter-2.2.1.RELEASE.jar;C:\RepoEsprit\DevopsTimeshet\org\springframework\boot\spring-boot-starter-logging\2.2.1.RELEASE\spring-boot-starter-logging-2.2.1.RELEASE.jar;C:\RepoEsprit\DevopsTimeshet\ch\qos\logback\logback-classic\1.2.3\logback-classic-1.2.3.jar;C:\RepoEsprit\DevopsTimeshet\ch\qos\logback\logback-core\1.2.3\logback-core-1.2.3.jar;C:\RepoEsprit\DevopsTimeshet\org\apache\logging\log4j\log4j-to-slf4j\2.12.1\log4j-to-slf4j-2.12.1.jar;C:\RepoEsprit\DevopsTimeshet\org\apache\logging\log4j\log4j-api\2.12.1\log4j-api-2.12.1.jar;C:\RepoEsprit\DevopsTimeshet\org\slf4j\jul-to-slf4j\1.7.29\jul-to-slf4j-1.7.29.jar;C:\RepoEsprit\DevopsTimeshet\jakarta\annotation\jakarta.annotation-api\1.3.5\jakarta.annotation-api-1.3.5.jar;C:\RepoEsprit\DevopsTimeshet\org\yaml\snakeyaml\1.25\snakeyaml-1.25.jar;C:\RepoEsprit\DevopsTimeshet\org\springframework\boot\spring-boot-starter-json\2.2.1.RELEASE\spring-boot-starter-json-2.2.1.RELEASE.jar;C:\RepoEsprit\DevopsTimeshet\com\fasterxml\jackson\core\jackson-databind\2.10.0\jackson-databind-2.10.0.jar;C:\RepoEsprit\DevopsTimeshet\com\fasterxml\jackson\core\jackson-annotations\2.10.0\jackson-annotations-2.10.0.jar;C:\RepoEsprit\DevopsTimeshet\com\fasterxml\jackson\core\jackson-core\2.10.0\jackson-core-2.10.0.jar;C:\RepoEsprit\DevopsTimeshet\com\fasterxml\jackson\datatype\jackson-datatype-jdk8\2.10.0\jackson-datatype-jdk8-2.10.0.jar;C:\RepoEsprit\DevopsTimeshet\com\fasterxml\jackson\datatype\jackson-datatype-jsr310\2.10.0\jackson-datatype-jsr310-2.10.0.jar;C:\RepoEsprit\DevopsTimeshet\com\fasterxml\jackson\module\jackson-module-parameter-names\2.10.0\jackson-module-parameter-names-2.10.0.jar;C:\RepoEsprit\DevopsTimeshet\org\springframework\boot\spring-boot-starter-tomcat\2.2.1.RELEASE\spring-boot-starter-tomcat-2.2.1.RELEASE.jar;C:\RepoEsprit\DevopsTimeshet\org\apache\tomcat\embed\tomcat-embed-websocket\9.0.27\tomcat-embed-websocket-9.0.27.jar;C:\RepoEsprit\DevopsTimeshet\org\springframework\spring-web\5.2.1.RELEASE\spring-web-5.2.1.RELEASE.jar;C:\RepoEsprit\DevopsTimeshet\org\springframework\spring-webmvc\5.2.1.RELEASE\spring-webmvc-5.2.1.RELEASE.jar;C:\RepoEsprit\DevopsTimeshet\org\springframework\spring-expression\5.2.1.RELEASE\spring-expression-5.2.1.RELEASE.jar;C:\RepoEsprit\DevopsTimeshet\org\springframework\boot\spring-boot-starter-validation\2.2.1.RELEASE\spring-boot-starter-validation-2.2.1.RELEASE.jar;C:\RepoEsprit\DevopsTimeshet\jakarta\validation\jakarta.validation-api\2.0.1\jakarta.validation-api-2.0.1.jar;C:\RepoEsprit\DevopsTimeshet\org\apache\tomcat\embed\tomcat-embed-el\9.0.27\tomcat-embed-el-9.0.27.jar;C:\RepoEsprit\DevopsTimeshet\org\hibernate\validator\hibernate-validator\6.0.18.Final\hibernate-validator-6.0.18.Final.jar;C:\RepoEsprit\DevopsTimeshet\mysql\mysql-connector-java\8.0.18\mysql-connector-java-8.0.18.jar;C:\RepoEsprit\DevopsTimeshet\org\springframework\boot\spring-boot-starter-test\2.2.1.RELEASE\spring-boot-starter-test-2.2.1.RELEASE.jar;C:\RepoEsprit\DevopsTimeshet\org\springframework\boot\spring-boot-test\2.2.1.RELEASE\spring-boot-test-2.2.1.RELEASE.jar;C:\RepoEsprit\DevopsTimeshet\org\springframework\boot\spring-boot-test-autoconfigure\2.2.1.RELEASE\spring-boot-test-autoconfigure-2.2.1.RELEASE.jar;C:\RepoEsprit\DevopsTimeshet\com\jayway\jsonpath\json-path\2.4.0\json-path-2.4.0.jar;C:\RepoEsprit\DevopsTimeshet\net\minidev\json-smart\2.3\json-smart-2.3.jar;C:\RepoEsprit\DevopsTimeshet\net\minidev\accessors-smart\1.2\accessors-smart-1.2.jar;C:\RepoEsprit\DevopsTimeshet\org\ow2\asm\asm\5.0.4\asm-5.0.4.jar;C:\RepoEsprit\DevopsTimeshet\jakarta\xml\bind\jakarta.xml.bind-api\2.3.2\jakarta.xml.bind-api-2.3.2.jar;C:\RepoEsprit\DevopsTimeshet\org\junit\jupiter\junit-jupiter\5.5.2\junit-jupiter-5.5.2.jar;C:\RepoEsprit\DevopsTimeshet\org\junit\jupiter\junit-jupiter-api\5.5.2\junit-jupiter-api-5.5.2.jar;C:\RepoEsprit\DevopsTimeshet\org\opentest4j\opentest4j\1.2.0\opentest4j-1.2.0.jar;C:\RepoEsprit\DevopsTimeshet\org\junit\platform\junit-platform-commons\1.5.2\junit-platform-commons-1.5.2.jar;C:\RepoEsprit\DevopsTimeshet\org\junit\jupiter\junit-jupiter-params\5.5.2\junit-jupiter-params-5.5.2.jar;C:\RepoEsprit\DevopsTimeshet\org\junit\jupiter\junit-jupiter-engine\5.5.2\junit-jupiter-engine-5.5.2.jar;C:\RepoEsprit\DevopsTimeshet\org\junit\vintage\junit-vintage-engine\5.5.2\junit-vintage-engine-5.5.2.jar;C:\RepoEsprit\DevopsTimeshet\org\apiguardian\apiguardian-api\1.1.0\apiguardian-api-1.1.0.jar;C:\RepoEsprit\DevopsTimeshet\org\junit\platform\junit-platform-engine\1.5.2\junit-platform-engine-1.5.2.jar;C:\RepoEsprit\DevopsTimeshet\junit\junit\4.12\junit-4.12.jar;C:\RepoEsprit\DevopsTimeshet\org\mockito\mockito-junit-jupiter\3.1.0\mockito-junit-jupiter-3.1.0.jar;C:\RepoEsprit\DevopsTimeshet\org\assertj\assertj-core\3.13.2\assertj-core-3.13.2.jar;C:\RepoEsprit\DevopsTimeshet\org\hamcrest\hamcrest\2.1\hamcrest-2.1.jar;C:\RepoEsprit\DevopsTimeshet\org\mockito\mockito-core\3.1.0\mockito-core-3.1.0.jar;C:\RepoEsprit\DevopsTimeshet\net\bytebuddy\byte-buddy-agent\1.10.2\byte-buddy-agent-1.10.2.jar;C:\RepoEsprit\DevopsTimeshet\org\objenesis\objenesis\2.6\objenesis-2.6.jar;C:\RepoEsprit\DevopsTimeshet\org\skyscreamer\jsonassert\1.5.0\jsonassert-1.5.0.jar;C:\RepoEsprit\DevopsTimeshet\com\vaadin\external\google\android-json\0.0.20131108.vaadin1\android-json-0.0.20131108.vaadin1.jar;C:\RepoEsprit\DevopsTimeshet\org\springframework\spring-core\5.2.1.RELEASE\spring-core-5.2.1.RELEASE.jar;C:\RepoEsprit\DevopsTimeshet\org\springframework\spring-jcl\5.2.1.RELEASE\spring-jcl-5.2.1.RELEASE.jar;C:\RepoEsprit\DevopsTimeshet\org\springframework\spring-test\5.2.1.RELEASE\spring-test-5.2.1.RELEASE.jar;C:\RepoEsprit\DevopsTimeshet\org\xmlunit\xmlunit-core\2.6.3\xmlunit-core-2.6.3.jar;C:\RepoEsprit\DevopsTimeshet\org\apache\myfaces\core\myfaces-impl\2.2.12\myfaces-impl-2.2.12.jar;C:\RepoEsprit\DevopsTimeshet\commons-collections\commons-collections\3.2.2\commons-collections-3.2.2.jar;C:\RepoEsprit\DevopsTimeshet\commons-beanutils\commons-beanutils\1.9.2\commons-beanutils-1.9.2.jar;C:\RepoEsprit\DevopsTimeshet\commons-logging\commons-logging\1.1.1\commons-logging-1.1.1.jar;C:\RepoEsprit\DevopsTimeshet\commons-digester\commons-digester\1.8\commons-digester-1.8.jar;C:\RepoEsprit\DevopsTimeshet\org\apache\myfaces\core\myfaces-api\2.2.12\myfaces-api-2.2.12.jar;C:\RepoEsprit\DevopsTimeshet\org\apache\geronimo\specs\geronimo-atinject_1.0_spec\1.0\geronimo-atinject_1.0_spec-1.0.jar;C:\RepoEsprit\DevopsTimeshet\org\apache\tomcat\embed\tomcat-embed-jasper\9.0.27\tomcat-embed-jasper-9.0.27.jar;C:\RepoEsprit\DevopsTimeshet\org\apache\tomcat\embed\tomcat-embed-core\9.0.27\tomcat-embed-core-9.0.27.jar;C:\RepoEsprit\DevopsTimeshet\org\apache\tomcat\tomcat-annotations-api\9.0.27\tomcat-annotations-api-9.0.27.jar;C:\RepoEsprit\DevopsTimeshet\org\eclipse\jdt\ecj\3.18.0\ecj-3.18.0.jar;C:\RepoEsprit\DevopsTimeshet\org\ocpsoft\rewrite\rewrite-servlet\3.4.1.Final\rewrite-servlet-3.4.1.Final.jar;C:\RepoEsprit\DevopsTimeshet\org\ocpsoft\rewrite\rewrite-integration-faces\3.4.1.Final\rewrite-integration-faces-3.4.1.Final.jar;C:\RepoEsprit\DevopsTimeshet\org\ocpsoft\rewrite\rewrite-config-prettyfaces\3.4.1.Final\rewrite-config-prettyfaces-3.4.1.Final.jar;C:\RepoEsprit\DevopsTimeshet\org\primefaces\primefaces\6.1\primefaces-6.1.jar;C:\RepoEsprit\DevopsTimeshet\org\projectlombok\lombok\1.16.16\lombok-1.16.16.jar;"/>
    <property name="sun.cpu.endian" value="little"/>
    <property name="user.home" value="C:\Users\Amira Besbes"/>
    <property name="user.language" value="fr"/>
    <property name="java.specification.vendor" value="Oracle Corporation"/>
    <property name="java.home" value="C:\Program Files\java\jdk1.8.0_60\jre"/>
    <property name="basedir" value="C:\Users\Amira Besbes\Documents\ESPRIT\devops\new\TimeSheet"/>
    <property name="style.color" value="always"/>
    <property name="file.separator" value="\"/>
    <property name="line.separator" value="&#10;"/>
    <property name="java.vm.specification.vendor" value="Oracle Corporation"/>
    <property name="java.specification.name" value="Java Platform API Specification"/>
    <property name="java.awt.graphicsenv" value="sun.awt.Win32GraphicsEnvironment"/>
    <property name="surefire.real.class.path" value="C:\Users\AMIRAB~1\AppData\Local\Temp\surefire8033870389385139142\surefirebooter436918034722320641.jar"/>
    <property name="sun.boot.class.path" value="C:\Program Files\java\jdk1.8.0_60\jre\lib\resources.jar;C:\Program Files\java\jdk1.8.0_60\jre\lib\rt.jar;C:\Program Files\java\jdk1.8.0_60\jre\lib\sunrsasign.jar;C:\Program Files\java\jdk1.8.0_60\jre\lib\jsse.jar;C:\Program Files\java\jdk1.8.0_60\jre\lib\jce.jar;C:\Program Files\java\jdk1.8.0_60\jre\lib\charsets.jar;C:\Program Files\java\jdk1.8.0_60\jre\lib\jfr.jar;C:\Program Files\java\jdk1.8.0_60\jre\classes"/>
    <property name="user.script" value=""/>
    <property name="sun.management.compiler" value="HotSpot 64-Bit Tiered Compilers"/>
    <property name="java.runtime.version" value="1.8.0_60-b27"/>
    <property name="user.name" value="Amira Besbes"/>
    <property name="path.separator" value=";"/>
    <property name="os.version" value="10.0"/>
    <property name="java.endorsed.dirs" value="C:\Program Files\java\jdk1.8.0_60\jre\lib\endorsed"/>
    <property name="java.runtime.name" value="Java(TM) SE Runtime Environment"/>
    <property name="file.encoding" value="Cp1252"/>
    <property name="java.vm.name" value="Java HotSpot(TM) 64-Bit Server VM"/>
    <property name="localRepository" value="C:\RepoEsprit\DevopsTimeshet"/>
    <property name="java.vendor.url.bug" value="http://bugreport.sun.com/bugreport/"/>
    <property name="java.io.tmpdir" value="C:\Users\AMIRAB~1\AppData\Local\Temp\"/>
    <property name="java.version" value="1.8.0_60"/>
    <property name="user.dir" value="C:\Users\Amira Besbes\Documents\ESPRIT\devops\new\TimeSheet"/>
    <property name="os.arch" value="amd64"/>
    <property name="java.vm.specification.name" value="Java Virtual Machine Specification"/>
    <property name="java.awt.printerjob" value="sun.awt.windows.WPrinterJob"/>
    <property name="sun.os.patch.level" value=""/>
    <property name="java.library.path" value="C:\Program Files\java\jdk1.8.0_60\jre\bin;C:\windows\Sun\Java\bin;C:\windows\system32;C:\windows;C:/Program Files/sts-4.11.1.RELEASE//plugins/org.eclipse.justj.openjdk.hotspot.jre.full.win32.x86_64_16.0.2.v20210721-1149/jre/bin/server;C:/Program Files/sts-4.11.1.RELEASE//plugins/org.eclipse.justj.openjdk.hotspot.jre.full.win32.x86_64_16.0.2.v20210721-1149/jre/bin;C:\Program Files\Microsoft MPI\Bin\;C:\windows\system32;C:\windows;C:\windows\System32\Wbem;C:\windows\System32\WindowsPowerShell\v1.0\;C:\windows\System32\OpenSSH\;C:\Program Files (x86)\NVIDIA Corporation\PhysX\Common;C:\Program Files\NVIDIA Corporation\NVIDIA NvDLISR;C:\Program Files (x86)\Microsoft SQL Server\140\Tools\Binn\;C:\Program Files\Microsoft SQL Server\140\Tools\Binn\;C:\Program Files (x86)\Microsoft SQL Server\140\DTS\Binn\;C:\Program Files\Microsoft SQL Server\140\DTS\Binn\;C:\Program Files\Microsoft SQL Server\Client SDK\ODBC\130\Tools\Binn\;C:\Program Files (x86)\Microsoft SQL Server\150\DTS\Binn\;C:\Program Files\dotnet\;C:\Program Files\Microsoft SQL Server\130\Tools\Binn\;C:\Program Files\Microsoft SQL Server\Client SDK\ODBC\170\Tools\Binn\;C:\Program Files (x86)\Microsoft SQL Server\110\DTS\Binn\;C:\Program Files (x86)\Microsoft SQL Server\120\DTS\Binn\;C:\Program Files (x86)\Microsoft SQL Server\130\DTS\Binn\;C:\Program Files (x86)\dotnet\;C:\Program Files\Git\cmd;C:\wamp64\bin\php\php7.3.21;C:\Program Files\TortoiseGit\bin;C:\ProgramData\ComposerSetup\bin;C:\Program Files\nodejs\;C:\Program Files\java\jre1.8.0_60\bin;C:\Program Files\java\jdk1.8.0_60\bin;C:\Program Files\java\jdk1.8.0_60\bin;C:\Program Files (x86)\apache-maven-3.3.3-bin\apache-maven-3.3.3\bin;C:\Program Files (x86)\MySQL\MySQL Fabric 1.5.4 &amp; MySQL Utilities 1.5.4 1.5\;C:\Program Files (x86)\MySQL\MySQL Fabric 1.5.4 &amp; MySQL Utilities 1.5.4 1.5\Doctrine extensions for PHP\;C:\Program Files\Docker\Docker\resources\bin;C:\ProgramData\DockerDesktop\version-bin;C:\Users\Amira Besbes\AppData\Local\Microsoft\WindowsApps;C:\Users\Amira Besbes\.dotnet\tools;C:\wamp64\bin\php\php7.3.21;C:\Users\Amira Besbes\AppData\Roaming\Composer\vendor\bin;C:\Users\Amira Besbes\AppData\Roaming\npm;C:\Program Files\sts-4.11.1.RELEASE;;."/>
    <property name="java.vm.info" value="mixed mode"/>
    <property name="java.vendor" value="Oracle Corporation"/>
    <property name="java.vm.version" value="25.60-b23"/>
    <property name="java.ext.dirs" value="C:\Program Files\java\jdk1.8.0_60\jre\lib\ext;C:\windows\Sun\Java\lib\ext"/>
    <property name="sun.io.unicode.encoding" value="UnicodeLittle"/>
    <property name="java.class.version" value="52.0"/>
  </properties>
  <testcase name="contextLoads" classname="tn.esprit.spring.TimesheetApplicationTests" time="0.232"/>
</testsuite>